<?xml version="1.0" encoding="UTF-8"?>
<testng-results skipped="0" failed="0" total="1" passed="1">
  <reporter-output>
  </reporter-output>
  <suite name="Default suite" duration-ms="19198" started-at="2020-06-05T08:04:42Z" finished-at="2020-06-05T08:05:01Z">
    <groups>
    </groups>
    <test name="Default test" duration-ms="19198" started-at="2020-06-05T08:04:42Z" finished-at="2020-06-05T08:05:01Z">
      <class name="test.java.sample.myTest">
        <test-method status="PASS" signature="myTestExample1()[pri:0, instance:test.java.sample.myTest@685cb137]" name="myTestExample1" duration-ms="19182" started-at="2020-06-05T13:34:42Z" finished-at="2020-06-05T13:35:01Z">
          <reporter-output>
          </reporter-output>
        </test-method> <!-- myTestExample1 -->
      </class> <!-- test.java.sample.myTest -->
    </test> <!-- Default test -->
  </suite> <!-- Default suite -->
</testng-results>
